<?xml version="1.0" encoding="UTF-8"?>
<!-- Generated by org.testng.reporters.JUnitReportReporter -->
<testsuite skipped="0" hostname="lakrajas" name="api.tests.CreateIncidentTests" tests="1" failures="0" timestamp="04 Apr 2020 08:25:11 GMT" time="10.382" errors="0">
  <testcase name="incidentCreation" time="10.382" classname="api.tests.CreateIncidentTests"/>
</testsuite> <!-- api.tests.CreateIncidentTests -->
