<?xml version="1.0" encoding="UTF-8"?>
<!-- Generated by org.testng.reporters.JUnitReportReporter -->
<testsuite hostname="Babu" name="api.tests.UserTestOrganized" tests="1" failures="0" timestamp="29 Dec 2019 01:21:33 GMT" time="5.405" errors="0">
  <testcase name="userValidRegistration" time="5.405" classname="api.tests.UserTestOrganized"/>
</testsuite> <!-- api.tests.UserTestOrganized -->
